Compiler type: unix
--noopenmp: 0
--forceopenmp: 0
--noxpreprocessor: 0
--forcellvm: 0
--forcegnugcc: 0
--forcestatic: 0
Cython found (during compilation)
- Version: 3.0.10
- Locations: <module 'Cython' from '/tmp/pip-build-env-_0q_hyxo/overlay/lib/python3.8/site-packages/Cython/__init__.py'>
Numpy found (during compilation):
- Version: 1.24.4
- Location: <module 'numpy' from '/tmp/pip-build-env-_0q_hyxo/overlay/lib/python3.8/site-packages/numpy/__init__.py'>
Checking if gcc redirects to clang
gcc --version # with stdout=-1, stderr=-1, input=, encoding=ascii

Using GNU GCC settings (gcc)
Checking for OpenMP availability for gcc
gcc -dM -E -Xpreprocessor -fopenmp - # with stdout=-1, stderr=-1, input=, encoding=ascii

#define _OPENMP 201511
... found OpenMP
All extensions:
[<setuptools.extension.Extension('dtaidistance.dtw_cc') at 0x7f2b9e1e8670>, <setuptools.extension.Extension('dtaidistance.ed_cc') at 0x7f2b9e1e8af0>, <setuptools.extension.Extension('dtaidistance.dtw_cc_omp') at 0x7f2b9e1e5100>, <setuptools.extension.Extension('dtaidistance.dtw_cc_numpy') at 0x7f2b9e1eeb80>]
