Compiler type: unix
--noopenmp: 0
--forceopenmp: 0
--noxpreprocessor: 0
--forcellvm: 0
--forcegnugcc: 0
--forcestatic: 0
Cython found (during compilation)
- Version: 3.0.10
- Locations: <module 'Cython' from '/private/var/folders/vy/h7r6h43j203gstfh6fj9_tyh0000gn/T/build-env-vhkmvt0i/lib/python3.10/site-packages/Cython/__init__.py'>
Numpy found (during compilation):
- Version: 1.26.4
- Location: <module 'numpy' from '/private/var/folders/vy/h7r6h43j203gstfh6fj9_tyh0000gn/T/build-env-vhkmvt0i/lib/python3.10/site-packages/numpy/__init__.py'>
Checking if gcc redirects to clang
gcc --version # with stdout=-1, stderr=-1, input=, encoding=ascii

Apple clang version 15.0.0 (clang-1500.0.40.1)
... found clang
Using LLVM settings (gcc)
Checking for OpenMP availability for gcc
gcc -dM -E -Xpreprocessor -fopenmp - # with stdout=-1, stderr=-1, input=, encoding=ascii

#define _OPENMP 201811
... found OpenMP
All extensions:
[<setuptools.extension.Extension('dtaidistance.dtw_cc') at 0x10f8f92a0>, <setuptools.extension.Extension('dtaidistance.ed_cc') at 0x10fc7d0f0>, <setuptools.extension.Extension('dtaidistance.dtw_cc_omp') at 0x10fc7d600>, <setuptools.extension.Extension('dtaidistance.dtw_cc_numpy') at 0x10fc7f040>]
