Compiler type: unix
--noopenmp: 0
--forceopenmp: 0
--noxpreprocessor: 0
--forcellvm: 0
--forcegnugcc: 0
--forcestatic: 0
Cython found (during compilation)
- Version: 3.0.10
- Locations: <module 'Cython' from '/private/var/folders/vy/h7r6h43j203gstfh6fj9_tyh0000gn/T/build-env-1b0ihl5m/lib/python3.12/site-packages/Cython/__init__.py'>
Numpy found (during compilation):
- Version: 1.26.4
- Location: <module 'numpy' from '/private/var/folders/vy/h7r6h43j203gstfh6fj9_tyh0000gn/T/build-env-1b0ihl5m/lib/python3.12/site-packages/numpy/__init__.py'>
Using LLVM settings (clang)
Checking for OpenMP availability for clang
clang -dM -E -Xpreprocessor -fopenmp - # with stdout=-1, stderr=-1, input=, encoding=ascii

#define _OPENMP 201811
... found OpenMP
All extensions:
[<setuptools.extension.Extension('dtaidistance.dtw_cc') at 0x112e7eff0>, <setuptools.extension.Extension('dtaidistance.ed_cc') at 0x1158c2810>, <setuptools.extension.Extension('dtaidistance.dtw_cc_omp') at 0x1158c2ae0>, <setuptools.extension.Extension('dtaidistance.dtw_cc_numpy') at 0x1158e4aa0>]
